<?xml version="1.0" encoding="UTF-8"?>
<!-- Generated by org.testng.reporters.JUnitReportReporter -->
<testsuite hostname="DESKTOP-7JIC17V" failures="0" tests="3" name="TestNG.TestNG_TESTAUTOMATION" time="92.939" errors="0" timestamp="2022-10-03T13:23:24 IST" skipped="2">
  <testcase classname="TestNG.TestNG_TESTAUTOMATION" name="TestAutomationPage" time="92.939"/>
  <system-out/>
  <testcase classname="TestNG.TestNG_TESTAUTOMATION" name="TestAutomationPage" time="0.000">
    <skipped/>
  </testcase> <!-- TestAutomationPage -->
  <system-out/>
  <testcase classname="TestNG.TestNG_TESTAUTOMATION" name="TestAutomationPage" time="0.000">
    <skipped/>
  </testcase> <!-- TestAutomationPage -->
  <system-out/>
</testsuite> <!-- TestNG.TestNG_TESTAUTOMATION -->
