<?xml version="1.0" encoding="UTF-8"?>
<!-- Generated by org.testng.reporters.JUnitReportReporter -->
<testsuite hostname="DESKTOP-7JIC17V" failures="0" tests="3" name="TestNG.TestNG_TESTAUTOMATION" time="138.337" errors="0" timestamp="2022-10-07T12:34:09 IST" skipped="0">
  <testcase classname="TestNG.TestNG_TESTAUTOMATION" name="TestAutomationPage" time="60.114"/>
  <system-out/>
  <testcase classname="TestNG.TestNG_TESTAUTOMATION" name="TestAutomationPage" time="17.066"/>
  <system-out/>
  <testcase classname="TestNG.TestNG_TESTAUTOMATION" name="TestAutomationPage" time="61.157"/>
  <system-out/>
</testsuite> <!-- TestNG.TestNG_TESTAUTOMATION -->
