<?xml version="1.0" encoding="UTF-8"?>
<!-- Generated by org.testng.reporters.JUnitReportReporter -->
<testsuite hostname="DESKTOP-7JIC17V" failures="0" tests="2" name="TESTNG" time="46.420" errors="0" timestamp="2022-09-19T09:32:24 IST" skipped="0">
  <testcase classname="TESTNG" name="c" time="27.057"/>
  <system-out/>
  <testcase classname="TESTNG" name="d" time="19.363"/>
  <system-out/>
</testsuite> <!-- TESTNG -->
