<?xml version="1.0" encoding="UTF-8"?>
<!-- Generated by org.testng.reporters.JUnitReportReporter -->
<testsuite hostname="DESKTOP-7JIC17V" failures="0" tests="2" name="TestNG.TestNG_Exacution$TestNG_FACEBOOK_OG_IN" time="23.748" errors="0" timestamp="2022-10-03T10:58:49 IST" skipped="0">
  <testcase classname="TestNG.TestNG_Exacution$TestNG_FACEBOOK_OG_IN" name="c1" time="11.056"/>
  <system-out/>
  <testcase classname="TestNG.TestNG_Exacution$TestNG_FACEBOOK_OG_IN" name="c1" time="12.692"/>
  <system-out/>
</testsuite> <!-- TestNG.TestNG_Exacution$TestNG_FACEBOOK_OG_IN -->
