<?xml version="1.0" encoding="UTF-8"?>
<!-- Generated by org.testng.reporters.JUnitReportReporter -->
<testsuite hostname="DESKTOP-7JIC17V" failures="0" tests="21" name="TestNG.TestNG_FACEBOOK_OG_IN" time="-1665129856.000" errors="1" timestamp="2022-10-07T13:34:40 IST" skipped="20">
  <testcase classname="TestNG.TestNG_FACEBOOK_OG_IN" name="c4" time="0.001">
    <skipped/>
  </testcase> <!-- c4 -->
  <system-out/>
  <testcase classname="TestNG.TestNG_FACEBOOK_OG_IN" name="c6" time="0.000">
    <skipped/>
  </testcase> <!-- c6 -->
  <system-out/>
  <testcase classname="TestNG.TestNG_FACEBOOK_OG_IN" name="c11" time="0.000">
    <skipped/>
  </testcase> <!-- c11 -->
  <system-out/>
  <testcase classname="TestNG.TestNG_FACEBOOK_OG_IN" name="c10" time="0.000">
    <skipped/>
  </testcase> <!-- c10 -->
  <system-out/>
  <testcase classname="TestNG.TestNG_FACEBOOK_OG_IN" name="c12" time="0.000">
    <skipped/>
  </testcase> <!-- c12 -->
  <system-out/>
  <testcase classname="TestNG.TestNG_FACEBOOK_OG_IN" name="c13" time="0.000">
    <skipped/>
  </testcase> <!-- c13 -->
  <system-out/>
  <testcase classname="TestNG.TestNG_FACEBOOK_OG_IN" name="c7" time="0.000">
    <skipped/>
  </testcase> <!-- c7 -->
  <system-out/>
  <testcase classname="TestNG.TestNG_FACEBOOK_OG_IN" name="c8" time="0.000">
    <skipped/>
  </testcase> <!-- c8 -->
  <system-out/>
  <testcase classname="TestNG.TestNG_FACEBOOK_OG_IN" name="c18" time="0.000">
    <skipped/>
  </testcase> <!-- c18 -->
  <system-out/>
  <testcase classname="TestNG.TestNG_FACEBOOK_OG_IN" name="c15" time="0.000">
    <skipped/>
  </testcase> <!-- c15 -->
  <system-out/>
  <testcase classname="TestNG.TestNG_FACEBOOK_OG_IN" name="LaunchBrowser" time="-1665129856.000">
    <error message="
Parameter &#039;BrowserName&#039; is required by BeforeTest on method LaunchBrowser but has not been marked @Optional or defined
in C:\Users\Admin\AppData\Local\Temp\testng-eclipse-310120233\testng-customsuite.xml" type="org.testng.TestNGException">
      <![CDATA[org.testng.TestNGException: 
Parameter 'BrowserName' is required by BeforeTest on method LaunchBrowser but has not been marked @Optional or defined
in C:\Users\Admin\AppData\Local\Temp\testng-eclipse-310120233\testng-customsuite.xml
at org.testng.internal.Parameters.createParams(Parameters.java:272)
at org.testng.internal.Parameters.createParametersForMethod(Parameters.java:360)
at org.testng.internal.Parameters.createParameters(Parameters.java:704)
at org.testng.internal.Parameters.createConfigurationParameters(Parameters.java:166)
at org.testng.internal.ConfigInvoker.invokeConfigurations(ConfigInvoker.java:283)
at org.testng.TestRunner.invokeTestConfigurations(TestRunner.java:619)
at org.testng.TestRunner.beforeRun(TestRunner.java:609)
at org.testng.TestRunner.run(TestRunner.java:580)
at org.testng.SuiteRunner.runTest(SuiteRunner.java:384)
at org.testng.SuiteRunner.runSequentially(SuiteRunner.java:378)
at org.testng.SuiteRunner.privateRun(SuiteRunner.java:337)
at org.testng.SuiteRunner.run(SuiteRunner.java:286)
at org.testng.SuiteRunnerWorker.runSuite(SuiteRunnerWorker.java:53)
at org.testng.SuiteRunnerWorker.run(SuiteRunnerWorker.java:96)
at org.testng.TestNG.runSuitesSequentially(TestNG.java:1187)
at org.testng.TestNG.runSuitesLocally(TestNG.java:1109)
at org.testng.TestNG.runSuites(TestNG.java:1039)
at org.testng.TestNG.run(TestNG.java:1007)
at org.testng.remote.AbstractRemoteTestNG.run(AbstractRemoteTestNG.java:115)
at org.testng.remote.RemoteTestNG.initAndRun(RemoteTestNG.java:251)
at org.testng.remote.RemoteTestNG.main(RemoteTestNG.java:77)
]]>
    </error>
  </testcase> <!-- LaunchBrowser -->
  <system-out/>
  <testcase classname="TestNG.TestNG_FACEBOOK_OG_IN" name="c1" time="0.000">
    <skipped/>
  </testcase> <!-- c1 -->
  <system-out/>
  <testcase classname="TestNG.TestNG_FACEBOOK_OG_IN" name="c14" time="0.000">
    <skipped/>
  </testcase> <!-- c14 -->
  <system-out/>
  <testcase classname="TestNG.TestNG_FACEBOOK_OG_IN" name="c16" time="0.000">
    <skipped/>
  </testcase> <!-- c16 -->
  <system-out/>
  <testcase classname="TestNG.TestNG_FACEBOOK_OG_IN" name="c20" time="0.000">
    <skipped/>
  </testcase> <!-- c20 -->
  <system-out/>
  <testcase classname="TestNG.TestNG_FACEBOOK_OG_IN" name="c3" time="0.000">
    <skipped/>
  </testcase> <!-- c3 -->
  <system-out/>
  <testcase classname="TestNG.TestNG_FACEBOOK_OG_IN" name="c2" time="0.000">
    <skipped/>
  </testcase> <!-- c2 -->
  <system-out/>
  <testcase classname="TestNG.TestNG_FACEBOOK_OG_IN" name="c19" time="0.000">
    <skipped/>
  </testcase> <!-- c19 -->
  <system-out/>
  <testcase classname="TestNG.TestNG_FACEBOOK_OG_IN" name="c17" time="0.000">
    <skipped/>
  </testcase> <!-- c17 -->
  <system-out/>
  <testcase classname="TestNG.TestNG_FACEBOOK_OG_IN" name="c5" time="0.000">
    <skipped/>
  </testcase> <!-- c5 -->
  <system-out/>
  <testcase classname="TestNG.TestNG_FACEBOOK_OG_IN" name="c9" time="0.000">
    <skipped/>
  </testcase> <!-- c9 -->
  <system-out/>
</testsuite> <!-- TestNG.TestNG_FACEBOOK_OG_IN -->
