<?xml version="1.0" encoding="UTF-8"?>
<!-- Generated by org.testng.reporters.JUnitReportReporter -->
<testsuite hostname="DESKTOP-7JIC17V" failures="0" tests="61" name="TestNG.TestNG_FACEBOOK_OG_IN" time="1909.482" errors="4" timestamp="2022-10-03T13:23:24 IST" skipped="56">
  <testcase classname="TestNG.TestNG_FACEBOOK_OG_IN" name="c18" time="6.805">
    <skipped/>
  </testcase> <!-- c18 -->
  <system-out/>
  <testcase classname="TestNG.TestNG_FACEBOOK_OG_IN" name="c12" time="0.000">
    <skipped/>
  </testcase> <!-- c12 -->
  <system-out/>
  <testcase classname="TestNG.TestNG_FACEBOOK_OG_IN" name="c9" time="4.972">
    <skipped/>
  </testcase> <!-- c9 -->
  <system-out/>
  <testcase classname="TestNG.TestNG_FACEBOOK_OG_IN" name="c11" time="26.717">
    <error message="no such element: Unable to locate element: {&quot;method&quot;:&quot;xpath&quot;,&quot;selector&quot;:&quot;//input[@name=&#039;email&#039;]&quot;}
  (Session info: MicrosoftEdge=105.0.1343.53)
For documentation on this error, please visit: https://www.seleniumhq.org/exceptions/no_such_element.html
Build info: version: &#039;3.141.59&#039;, revision: &#039;e82be7d358&#039;, time: &#039;2018-11-14T08:17:03&#039;
System info: host: &#039;DESKTOP-7JIC17V&#039;, ip: &#039;192.168.43.31&#039;, os.name: &#039;Windows 10&#039;, os.arch: &#039;amd64&#039;, os.version: &#039;10.0&#039;, java.version: &#039;18.0.1.1&#039;
Driver info: org.openqa.selenium.edge.EdgeDriver
Capabilities {acceptInsecureCerts: false, browserName: msedge, browserVersion: 105.0.1343.53, javascriptEnabled: true, ms:edgeOptions: {debuggerAddress: localhost:2777}, msedge: {msedgedriverVersion: 105.0.1343.50 (1aa39c6858bf..., userDataDir: C:\Users\Admin\AppData\Loca...}, networkConnectionEnabled: false, pageLoadStrategy: normal, platform: WINDOWS, platformName: WINDOWS, proxy: Proxy(), setWindowRect: true, strictFileInteractability: false, timeouts: {implicit: 0, pageLoad: 300000, script: 30000}, unhandledPromptBehavior: dismiss and notify, webauthn:extension:credBlob: true, webauthn:extension:largeBlob: true, webauthn:virtualAuthenticators: true}
Session ID: f8180b9af4f8a9f46377403de39cdf72
*** Element info: {Using=xpath, value=//input[@name=&#039;email&#039;]}" type="org.openqa.selenium.NoSuchElementException">
      <![CDATA[org.openqa.selenium.NoSuchElementException: no such element: Unable to locate element: {"method":"xpath","selector":"//input[@name='email']"}
  (Session info: MicrosoftEdge=105.0.1343.53)
For documentation on this error, please visit: https://www.seleniumhq.org/exceptions/no_such_element.html
Build info: version: '3.141.59', revision: 'e82be7d358', time: '2018-11-14T08:17:03'
System info: host: 'DESKTOP-7JIC17V', ip: '192.168.43.31', os.name: 'Windows 10', os.arch: 'amd64', os.version: '10.0', java.version: '18.0.1.1'
Driver info: org.openqa.selenium.edge.EdgeDriver
Capabilities {acceptInsecureCerts: false, browserName: msedge, browserVersion: 105.0.1343.53, javascriptEnabled: true, ms:edgeOptions: {debuggerAddress: localhost:2777}, msedge: {msedgedriverVersion: 105.0.1343.50 (1aa39c6858bf..., userDataDir: C:\Users\Admin\AppData\Loca...}, networkConnectionEnabled: false, pageLoadStrategy: normal, platform: WINDOWS, platformName: WINDOWS, proxy: Proxy(), setWindowRect: true, strictFileInteractability: false, timeouts: {implicit: 0, pageLoad: 300000, script: 30000}, unhandledPromptBehavior: dismiss and notify, webauthn:extension:credBlob: true, webauthn:extension:largeBlob: true, webauthn:virtualAuthenticators: true}
Session ID: f8180b9af4f8a9f46377403de39cdf72
*** Element info: {Using=xpath, value=//input[@name='email']}
at java.base/jdk.internal.reflect.DirectConstructorHandleAccessor.newInstance(DirectConstructorHandleAccessor.java:67)
at java.base/java.lang.reflect.Constructor.newInstanceWithCaller(Constructor.java:499)
at java.base/java.lang.reflect.Constructor.newInstance(Constructor.java:483)
at org.openqa.selenium.remote.http.W3CHttpResponseCodec.createException(W3CHttpResponseCodec.java:187)
at org.openqa.selenium.remote.http.W3CHttpResponseCodec.decode(W3CHttpResponseCodec.java:122)
at org.openqa.selenium.remote.http.W3CHttpResponseCodec.decode(W3CHttpResponseCodec.java:49)
at org.openqa.selenium.remote.HttpCommandExecutor.execute(HttpCommandExecutor.java:158)
at org.openqa.selenium.remote.service.DriverCommandExecutor.execute(DriverCommandExecutor.java:83)
at org.openqa.selenium.remote.RemoteWebDriver.execute(RemoteWebDriver.java:552)
at org.openqa.selenium.remote.RemoteWebDriver.findElement(RemoteWebDriver.java:323)
at org.openqa.selenium.remote.RemoteWebDriver.findElementByXPath(RemoteWebDriver.java:428)
at org.openqa.selenium.By$ByXPath.findElement(By.java:353)
at org.openqa.selenium.remote.RemoteWebDriver.findElement(RemoteWebDriver.java:315)
at org.openqa.selenium.support.pagefactory.DefaultElementLocator.findElement(DefaultElementLocator.java:69)
at org.openqa.selenium.support.pagefactory.internal.LocatingElementHandler.invoke(LocatingElementHandler.java:38)
at jdk.proxy2/jdk.proxy2.$Proxy17.sendKeys(Unknown Source)
at MAVEN_FACEBOOK.FACEBOOK_LOG_IN.SendUserID11(FACEBOOK_LOG_IN.java:220)
at TestNG.TestNG_FACEBOOK_OG_IN.c11(TestNG_FACEBOOK_OG_IN.java:221)
at java.base/jdk.internal.reflect.DirectMethodHandleAccessor.invoke(DirectMethodHandleAccessor.java:104)
at java.base/java.lang.reflect.Method.invoke(Method.java:577)
at org.testng.internal.MethodInvocationHelper.invokeMethod(MethodInvocationHelper.java:133)
at org.testng.internal.TestInvoker.invokeMethod(TestInvoker.java:598)
at org.testng.internal.TestInvoker.invokeTestMethod(TestInvoker.java:173)
at org.testng.internal.MethodRunner.runInSequence(MethodRunner.java:46)
at org.testng.internal.TestInvoker$MethodInvocationAgent.invoke(TestInvoker.java:824)
at org.testng.internal.TestInvoker.invokeTestMethods(TestInvoker.java:146)
at org.testng.internal.TestMethodWorker.invokeTestMethods(TestMethodWorker.java:146)
at org.testng.internal.TestMethodWorker.run(TestMethodWorker.java:128)
at java.base/java.util.ArrayList.forEach(ArrayList.java:1511)
at org.testng.TestRunner.privateRun(TestRunner.java:794)
at org.testng.TestRunner.run(TestRunner.java:596)
at org.testng.SuiteRunner.runTest(SuiteRunner.java:377)
at org.testng.SuiteRunner.access$000(SuiteRunner.java:28)
at org.testng.SuiteRunner$SuiteWorker.run(SuiteRunner.java:418)
at org.testng.internal.thread.ThreadUtil.lambda$execute$0(ThreadUtil.java:64)
at java.base/java.util.concurrent.FutureTask.run(FutureTask.java:264)
at java.base/java.util.concurrent.ThreadPoolExecutor.runWorker(ThreadPoolExecutor.java:1136)
at java.base/java.util.concurrent.ThreadPoolExecutor$Worker.run(ThreadPoolExecutor.java:635)
at java.base/java.lang.Thread.run(Thread.java:833)
]]>
    </error>
  </testcase> <!-- c11 -->
  <system-out/>
  <testcase classname="TestNG.TestNG_FACEBOOK_OG_IN" name="c11" time="0.000">
    <skipped/>
  </testcase> <!-- c11 -->
  <system-out/>
  <testcase classname="TestNG.TestNG_FACEBOOK_OG_IN" name="c1" time="0.000">
    <skipped/>
  </testcase> <!-- c1 -->
  <system-out/>
  <testcase classname="TestNG.TestNG_FACEBOOK_OG_IN" name="c4" time="0.000">
    <skipped/>
  </testcase> <!-- c4 -->
  <system-out/>
  <testcase classname="TestNG.TestNG_FACEBOOK_OG_IN" name="c8" time="0.000">
    <skipped/>
  </testcase> <!-- c8 -->
  <system-out/>
  <testcase classname="TestNG.TestNG_FACEBOOK_OG_IN" name="c14" time="0.000">
    <skipped/>
  </testcase> <!-- c14 -->
  <system-out/>
  <testcase classname="TestNG.TestNG_FACEBOOK_OG_IN" name="c20" time="0.000">
    <skipped/>
  </testcase> <!-- c20 -->
  <system-out/>
  <testcase classname="TestNG.TestNG_FACEBOOK_OG_IN" name="c7" time="10.533">
    <skipped/>
  </testcase> <!-- c7 -->
  <system-out/>
  <testcase classname="TestNG.TestNG_FACEBOOK_OG_IN" name="c3" time="0.000">
    <skipped/>
  </testcase> <!-- c3 -->
  <system-out/>
  <testcase classname="TestNG.TestNG_FACEBOOK_OG_IN" name="c12" time="1819.972">
    <error message="Cannot locate an element using xpath=//input[@name=&#039;email&#039;]
For documentation on this error, please visit: https://www.seleniumhq.org/exceptions/no_such_element.html
Build info: version: &#039;3.141.59&#039;, revision: &#039;e82be7d358&#039;, time: &#039;2018-11-14T08:17:03&#039;
System info: host: &#039;DESKTOP-7JIC17V&#039;, ip: &#039;192.168.43.31&#039;, os.name: &#039;Windows 10&#039;, os.arch: &#039;amd64&#039;, os.version: &#039;10.0&#039;, java.version: &#039;18.0.1.1&#039;
Driver info: driver.version: RemoteWebDriver" type="org.openqa.selenium.NoSuchElementException">
      <![CDATA[org.openqa.selenium.NoSuchElementException: Cannot locate an element using xpath=//input[@name='email']
For documentation on this error, please visit: https://www.seleniumhq.org/exceptions/no_such_element.html
Build info: version: '3.141.59', revision: 'e82be7d358', time: '2018-11-14T08:17:03'
System info: host: 'DESKTOP-7JIC17V', ip: '192.168.43.31', os.name: 'Windows 10', os.arch: 'amd64', os.version: '10.0', java.version: '18.0.1.1'
Driver info: driver.version: RemoteWebDriver
at org.openqa.selenium.remote.RemoteWebDriver.findElement(RemoteWebDriver.java:327)
at org.openqa.selenium.remote.RemoteWebDriver.findElementByXPath(RemoteWebDriver.java:428)
at org.openqa.selenium.By$ByXPath.findElement(By.java:353)
at org.openqa.selenium.remote.RemoteWebDriver.findElement(RemoteWebDriver.java:315)
at org.openqa.selenium.support.pagefactory.DefaultElementLocator.findElement(DefaultElementLocator.java:69)
at org.openqa.selenium.support.pagefactory.internal.LocatingElementHandler.invoke(LocatingElementHandler.java:38)
at jdk.proxy2/jdk.proxy2.$Proxy17.sendKeys(Unknown Source)
at MAVEN_FACEBOOK.FACEBOOK_LOG_IN.SendUserID12(FACEBOOK_LOG_IN.java:238)
at TestNG.TestNG_FACEBOOK_OG_IN.c12(TestNG_FACEBOOK_OG_IN.java:234)
at java.base/jdk.internal.reflect.DirectMethodHandleAccessor.invoke(DirectMethodHandleAccessor.java:104)
at java.base/java.lang.reflect.Method.invoke(Method.java:577)
at org.testng.internal.MethodInvocationHelper.invokeMethod(MethodInvocationHelper.java:133)
at org.testng.internal.TestInvoker.invokeMethod(TestInvoker.java:598)
at org.testng.internal.TestInvoker.invokeTestMethod(TestInvoker.java:173)
at org.testng.internal.MethodRunner.runInSequence(MethodRunner.java:46)
at org.testng.internal.TestInvoker$MethodInvocationAgent.invoke(TestInvoker.java:824)
at org.testng.internal.TestInvoker.invokeTestMethods(TestInvoker.java:146)
at org.testng.internal.TestMethodWorker.invokeTestMethods(TestMethodWorker.java:146)
at org.testng.internal.TestMethodWorker.run(TestMethodWorker.java:128)
at java.base/java.util.ArrayList.forEach(ArrayList.java:1511)
at org.testng.TestRunner.privateRun(TestRunner.java:794)
at org.testng.TestRunner.run(TestRunner.java:596)
at org.testng.SuiteRunner.runTest(SuiteRunner.java:377)
at org.testng.SuiteRunner.access$000(SuiteRunner.java:28)
at org.testng.SuiteRunner$SuiteWorker.run(SuiteRunner.java:418)
at org.testng.internal.thread.ThreadUtil.lambda$execute$0(ThreadUtil.java:64)
at java.base/java.util.concurrent.FutureTask.run(FutureTask.java:264)
at java.base/java.util.concurrent.ThreadPoolExecutor.runWorker(ThreadPoolExecutor.java:1136)
at java.base/java.util.concurrent.ThreadPoolExecutor$Worker.run(ThreadPoolExecutor.java:635)
at java.base/java.lang.Thread.run(Thread.java:833)
]]>
    </error>
  </testcase> <!-- c12 -->
  <system-out/>
  <testcase classname="TestNG.TestNG_FACEBOOK_OG_IN" name="c16" time="0.000">
    <skipped/>
  </testcase> <!-- c16 -->
  <system-out/>
  <testcase classname="TestNG.TestNG_FACEBOOK_OG_IN" name="c8" time="0.000">
    <skipped/>
  </testcase> <!-- c8 -->
  <system-out/>
  <testcase classname="TestNG.TestNG_FACEBOOK_OG_IN" name="c1" time="0.000">
    <skipped/>
  </testcase> <!-- c1 -->
  <system-out/>
  <testcase classname="TestNG.TestNG_FACEBOOK_OG_IN" name="c15" time="0.000">
    <skipped/>
  </testcase> <!-- c15 -->
  <system-out/>
  <testcase classname="TestNG.TestNG_FACEBOOK_OG_IN" name="c19" time="0.000">
    <skipped/>
  </testcase> <!-- c19 -->
  <system-out/>
  <testcase classname="TestNG.TestNG_FACEBOOK_OG_IN" name="c20" time="0.000">
    <skipped/>
  </testcase> <!-- c20 -->
  <system-out/>
  <testcase classname="TestNG.TestNG_FACEBOOK_OG_IN" name="c10" time="20.075">
    <error message="no such element: Unable to locate element: {&quot;method&quot;:&quot;xpath&quot;,&quot;selector&quot;:&quot;//input[@name=&#039;email&#039;]&quot;}
  (Session info: MicrosoftEdge=105.0.1343.53)
For documentation on this error, please visit: https://www.seleniumhq.org/exceptions/no_such_element.html
Build info: version: &#039;3.141.59&#039;, revision: &#039;e82be7d358&#039;, time: &#039;2018-11-14T08:17:03&#039;
System info: host: &#039;DESKTOP-7JIC17V&#039;, ip: &#039;192.168.43.31&#039;, os.name: &#039;Windows 10&#039;, os.arch: &#039;amd64&#039;, os.version: &#039;10.0&#039;, java.version: &#039;18.0.1.1&#039;
Driver info: org.openqa.selenium.edge.EdgeDriver
Capabilities {acceptInsecureCerts: false, browserName: msedge, browserVersion: 105.0.1343.53, javascriptEnabled: true, ms:edgeOptions: {debuggerAddress: localhost:2777}, msedge: {msedgedriverVersion: 105.0.1343.50 (1aa39c6858bf..., userDataDir: C:\Users\Admin\AppData\Loca...}, networkConnectionEnabled: false, pageLoadStrategy: normal, platform: WINDOWS, platformName: WINDOWS, proxy: Proxy(), setWindowRect: true, strictFileInteractability: false, timeouts: {implicit: 0, pageLoad: 300000, script: 30000}, unhandledPromptBehavior: dismiss and notify, webauthn:extension:credBlob: true, webauthn:extension:largeBlob: true, webauthn:virtualAuthenticators: true}
Session ID: f8180b9af4f8a9f46377403de39cdf72
*** Element info: {Using=xpath, value=//input[@name=&#039;email&#039;]}" type="org.openqa.selenium.NoSuchElementException">
      <![CDATA[org.openqa.selenium.NoSuchElementException: no such element: Unable to locate element: {"method":"xpath","selector":"//input[@name='email']"}
  (Session info: MicrosoftEdge=105.0.1343.53)
For documentation on this error, please visit: https://www.seleniumhq.org/exceptions/no_such_element.html
Build info: version: '3.141.59', revision: 'e82be7d358', time: '2018-11-14T08:17:03'
System info: host: 'DESKTOP-7JIC17V', ip: '192.168.43.31', os.name: 'Windows 10', os.arch: 'amd64', os.version: '10.0', java.version: '18.0.1.1'
Driver info: org.openqa.selenium.edge.EdgeDriver
Capabilities {acceptInsecureCerts: false, browserName: msedge, browserVersion: 105.0.1343.53, javascriptEnabled: true, ms:edgeOptions: {debuggerAddress: localhost:2777}, msedge: {msedgedriverVersion: 105.0.1343.50 (1aa39c6858bf..., userDataDir: C:\Users\Admin\AppData\Loca...}, networkConnectionEnabled: false, pageLoadStrategy: normal, platform: WINDOWS, platformName: WINDOWS, proxy: Proxy(), setWindowRect: true, strictFileInteractability: false, timeouts: {implicit: 0, pageLoad: 300000, script: 30000}, unhandledPromptBehavior: dismiss and notify, webauthn:extension:credBlob: true, webauthn:extension:largeBlob: true, webauthn:virtualAuthenticators: true}
Session ID: f8180b9af4f8a9f46377403de39cdf72
*** Element info: {Using=xpath, value=//input[@name='email']}
at java.base/jdk.internal.reflect.DirectConstructorHandleAccessor.newInstance(DirectConstructorHandleAccessor.java:67)
at java.base/java.lang.reflect.Constructor.newInstanceWithCaller(Constructor.java:499)
at java.base/java.lang.reflect.Constructor.newInstance(Constructor.java:483)
at org.openqa.selenium.remote.http.W3CHttpResponseCodec.createException(W3CHttpResponseCodec.java:187)
at org.openqa.selenium.remote.http.W3CHttpResponseCodec.decode(W3CHttpResponseCodec.java:122)
at org.openqa.selenium.remote.http.W3CHttpResponseCodec.decode(W3CHttpResponseCodec.java:49)
at org.openqa.selenium.remote.HttpCommandExecutor.execute(HttpCommandExecutor.java:158)
at org.openqa.selenium.remote.service.DriverCommandExecutor.execute(DriverCommandExecutor.java:83)
at org.openqa.selenium.remote.RemoteWebDriver.execute(RemoteWebDriver.java:552)
at org.openqa.selenium.remote.RemoteWebDriver.findElement(RemoteWebDriver.java:323)
at org.openqa.selenium.remote.RemoteWebDriver.findElementByXPath(RemoteWebDriver.java:428)
at org.openqa.selenium.By$ByXPath.findElement(By.java:353)
at org.openqa.selenium.remote.RemoteWebDriver.findElement(RemoteWebDriver.java:315)
at org.openqa.selenium.support.pagefactory.DefaultElementLocator.findElement(DefaultElementLocator.java:69)
at org.openqa.selenium.support.pagefactory.internal.LocatingElementHandler.invoke(LocatingElementHandler.java:38)
at jdk.proxy2/jdk.proxy2.$Proxy17.sendKeys(Unknown Source)
at MAVEN_FACEBOOK.FACEBOOK_LOG_IN.SendUserID10(FACEBOOK_LOG_IN.java:202)
at TestNG.TestNG_FACEBOOK_OG_IN.c10(TestNG_FACEBOOK_OG_IN.java:207)
at java.base/jdk.internal.reflect.DirectMethodHandleAccessor.invoke(DirectMethodHandleAccessor.java:104)
at java.base/java.lang.reflect.Method.invoke(Method.java:577)
at org.testng.internal.MethodInvocationHelper.invokeMethod(MethodInvocationHelper.java:133)
at org.testng.internal.TestInvoker.invokeMethod(TestInvoker.java:598)
at org.testng.internal.TestInvoker.invokeTestMethod(TestInvoker.java:173)
at org.testng.internal.MethodRunner.runInSequence(MethodRunner.java:46)
at org.testng.internal.TestInvoker$MethodInvocationAgent.invoke(TestInvoker.java:824)
at org.testng.internal.TestInvoker.invokeTestMethods(TestInvoker.java:146)
at org.testng.internal.TestMethodWorker.invokeTestMethods(TestMethodWorker.java:146)
at org.testng.internal.TestMethodWorker.run(TestMethodWorker.java:128)
at java.base/java.util.ArrayList.forEach(ArrayList.java:1511)
at org.testng.TestRunner.privateRun(TestRunner.java:794)
at org.testng.TestRunner.run(TestRunner.java:596)
at org.testng.SuiteRunner.runTest(SuiteRunner.java:377)
at org.testng.SuiteRunner.access$000(SuiteRunner.java:28)
at org.testng.SuiteRunner$SuiteWorker.run(SuiteRunner.java:418)
at org.testng.internal.thread.ThreadUtil.lambda$execute$0(ThreadUtil.java:64)
at java.base/java.util.concurrent.FutureTask.run(FutureTask.java:264)
at java.base/java.util.concurrent.ThreadPoolExecutor.runWorker(ThreadPoolExecutor.java:1136)
at java.base/java.util.concurrent.ThreadPoolExecutor$Worker.run(ThreadPoolExecutor.java:635)
at java.base/java.lang.Thread.run(Thread.java:833)
]]>
    </error>
  </testcase> <!-- c10 -->
  <system-out/>
  <testcase classname="TestNG.TestNG_FACEBOOK_OG_IN" name="c7" time="0.000">
    <skipped/>
  </testcase> <!-- c7 -->
  <system-out/>
  <testcase classname="TestNG.TestNG_FACEBOOK_OG_IN" name="c8" time="0.000">
    <skipped/>
  </testcase> <!-- c8 -->
  <system-out/>
  <testcase classname="TestNG.TestNG_FACEBOOK_OG_IN" name="c17" time="0.001">
    <skipped/>
  </testcase> <!-- c17 -->
  <system-out/>
  <testcase classname="TestNG.TestNG_FACEBOOK_OG_IN" name="c19" time="0.000">
    <skipped/>
  </testcase> <!-- c19 -->
  <system-out/>
  <testcase classname="TestNG.TestNG_FACEBOOK_OG_IN" name="c9" time="0.000">
    <skipped/>
  </testcase> <!-- c9 -->
  <system-out/>
  <testcase classname="TestNG.TestNG_FACEBOOK_OG_IN" name="c6" time="0.000">
    <skipped/>
  </testcase> <!-- c6 -->
  <system-out/>
  <testcase classname="TestNG.TestNG_FACEBOOK_OG_IN" name="c5" time="0.000">
    <skipped/>
  </testcase> <!-- c5 -->
  <system-out/>
  <testcase classname="TestNG.TestNG_FACEBOOK_OG_IN" name="c18" time="0.000">
    <skipped/>
  </testcase> <!-- c18 -->
  <system-out/>
  <testcase classname="TestNG.TestNG_FACEBOOK_OG_IN" name="c13" time="0.000">
    <skipped/>
  </testcase> <!-- c13 -->
  <system-out/>
  <testcase classname="TestNG.TestNG_FACEBOOK_OG_IN" name="c4" time="0.000">
    <skipped/>
  </testcase> <!-- c4 -->
  <system-out/>
  <testcase classname="TestNG.TestNG_FACEBOOK_OG_IN" name="c2" time="0.001">
    <skipped/>
  </testcase> <!-- c2 -->
  <system-out/>
  <testcase classname="TestNG.TestNG_FACEBOOK_OG_IN" name="c20" time="0.000">
    <skipped/>
  </testcase> <!-- c20 -->
  <system-out/>
  <testcase classname="TestNG.TestNG_FACEBOOK_OG_IN" name="c15" time="0.000">
    <skipped/>
  </testcase> <!-- c15 -->
  <system-out/>
  <testcase classname="TestNG.TestNG_FACEBOOK_OG_IN" name="c9" time="0.000">
    <skipped/>
  </testcase> <!-- c9 -->
  <system-out/>
  <testcase classname="TestNG.TestNG_FACEBOOK_OG_IN" name="c14" time="0.000">
    <skipped/>
  </testcase> <!-- c14 -->
  <system-out/>
  <testcase classname="TestNG.TestNG_FACEBOOK_OG_IN" name="c7" time="0.000">
    <skipped/>
  </testcase> <!-- c7 -->
  <system-out/>
  <testcase classname="TestNG.TestNG_FACEBOOK_OG_IN" name="c19" time="0.000">
    <skipped/>
  </testcase> <!-- c19 -->
  <system-out/>
  <testcase classname="TestNG.TestNG_FACEBOOK_OG_IN" name="e" time="10.150">
    <error message="chrome not reachable
  (Session info: MicrosoftEdge=105.0.1343.53)
Build info: version: &#039;3.141.59&#039;, revision: &#039;e82be7d358&#039;, time: &#039;2018-11-14T08:17:03&#039;
System info: host: &#039;DESKTOP-7JIC17V&#039;, ip: &#039;192.168.43.31&#039;, os.name: &#039;Windows 10&#039;, os.arch: &#039;amd64&#039;, os.version: &#039;10.0&#039;, java.version: &#039;18.0.1.1&#039;
Driver info: org.openqa.selenium.edge.EdgeDriver
Capabilities {acceptInsecureCerts: false, browserName: msedge, browserVersion: 105.0.1343.53, javascriptEnabled: true, ms:edgeOptions: {debuggerAddress: localhost:2777}, msedge: {msedgedriverVersion: 105.0.1343.50 (1aa39c6858bf..., userDataDir: C:\Users\Admin\AppData\Loca...}, networkConnectionEnabled: false, pageLoadStrategy: normal, platform: WINDOWS, platformName: WINDOWS, proxy: Proxy(), setWindowRect: true, strictFileInteractability: false, timeouts: {implicit: 0, pageLoad: 300000, script: 30000}, unhandledPromptBehavior: dismiss and notify, webauthn:extension:credBlob: true, webauthn:extension:largeBlob: true, webauthn:virtualAuthenticators: true}
Session ID: f8180b9af4f8a9f46377403de39cdf72" type="org.openqa.selenium.WebDriverException">
      <![CDATA[org.openqa.selenium.WebDriverException: chrome not reachable
  (Session info: MicrosoftEdge=105.0.1343.53)
Build info: version: '3.141.59', revision: 'e82be7d358', time: '2018-11-14T08:17:03'
System info: host: 'DESKTOP-7JIC17V', ip: '192.168.43.31', os.name: 'Windows 10', os.arch: 'amd64', os.version: '10.0', java.version: '18.0.1.1'
Driver info: org.openqa.selenium.edge.EdgeDriver
Capabilities {acceptInsecureCerts: false, browserName: msedge, browserVersion: 105.0.1343.53, javascriptEnabled: true, ms:edgeOptions: {debuggerAddress: localhost:2777}, msedge: {msedgedriverVersion: 105.0.1343.50 (1aa39c6858bf..., userDataDir: C:\Users\Admin\AppData\Loca...}, networkConnectionEnabled: false, pageLoadStrategy: normal, platform: WINDOWS, platformName: WINDOWS, proxy: Proxy(), setWindowRect: true, strictFileInteractability: false, timeouts: {implicit: 0, pageLoad: 300000, script: 30000}, unhandledPromptBehavior: dismiss and notify, webauthn:extension:credBlob: true, webauthn:extension:largeBlob: true, webauthn:virtualAuthenticators: true}
Session ID: f8180b9af4f8a9f46377403de39cdf72
at java.base/jdk.internal.reflect.DirectConstructorHandleAccessor.newInstance(DirectConstructorHandleAccessor.java:67)
at java.base/java.lang.reflect.Constructor.newInstanceWithCaller(Constructor.java:499)
at java.base/java.lang.reflect.Constructor.newInstance(Constructor.java:483)
at org.openqa.selenium.remote.http.W3CHttpResponseCodec.createException(W3CHttpResponseCodec.java:187)
at org.openqa.selenium.remote.http.W3CHttpResponseCodec.decode(W3CHttpResponseCodec.java:122)
at org.openqa.selenium.remote.http.W3CHttpResponseCodec.decode(W3CHttpResponseCodec.java:49)
at org.openqa.selenium.remote.HttpCommandExecutor.execute(HttpCommandExecutor.java:158)
at org.openqa.selenium.remote.service.DriverCommandExecutor.execute(DriverCommandExecutor.java:83)
at org.openqa.selenium.remote.RemoteWebDriver.execute(RemoteWebDriver.java:552)
at org.openqa.selenium.remote.RemoteWebDriver.execute(RemoteWebDriver.java:609)
at org.openqa.selenium.remote.RemoteWebDriver.getScreenshotAs(RemoteWebDriver.java:295)
at Utils.Utility.CaptureScreenshot(Utility.java:81)
at TestNG.TestNG_FACEBOOK_OG_IN.e(TestNG_FACEBOOK_OG_IN.java:361)
at java.base/jdk.internal.reflect.DirectMethodHandleAccessor.invoke(DirectMethodHandleAccessor.java:104)
at java.base/java.lang.reflect.Method.invoke(Method.java:577)
at org.testng.internal.MethodInvocationHelper.invokeMethod(MethodInvocationHelper.java:133)
at org.testng.internal.MethodInvocationHelper.invokeMethodConsideringTimeout(MethodInvocationHelper.java:62)
at org.testng.internal.ConfigInvoker.invokeConfigurationMethod(ConfigInvoker.java:385)
at org.testng.internal.ConfigInvoker.invokeConfigurations(ConfigInvoker.java:321)
at org.testng.internal.TestInvoker.runConfigMethods(TestInvoker.java:700)
at org.testng.internal.TestInvoker.runAfterGroupsConfigurations(TestInvoker.java:676)
at org.testng.internal.TestInvoker.invokeMethod(TestInvoker.java:660)
at org.testng.internal.TestInvoker.invokeTestMethod(TestInvoker.java:173)
at org.testng.internal.MethodRunner.runInSequence(MethodRunner.java:46)
at org.testng.internal.TestInvoker$MethodInvocationAgent.invoke(TestInvoker.java:824)
at org.testng.internal.TestInvoker.invokeTestMethods(TestInvoker.java:146)
at org.testng.internal.TestMethodWorker.invokeTestMethods(TestMethodWorker.java:146)
at org.testng.internal.TestMethodWorker.run(TestMethodWorker.java:128)
at java.base/java.util.ArrayList.forEach(ArrayList.java:1511)
at org.testng.TestRunner.privateRun(TestRunner.java:794)
at org.testng.TestRunner.run(TestRunner.java:596)
at org.testng.SuiteRunner.runTest(SuiteRunner.java:377)
at org.testng.SuiteRunner.access$000(SuiteRunner.java:28)
at org.testng.SuiteRunner$SuiteWorker.run(SuiteRunner.java:418)
at org.testng.internal.thread.ThreadUtil.lambda$execute$0(ThreadUtil.java:64)
at java.base/java.util.concurrent.FutureTask.run(FutureTask.java:264)
at java.base/java.util.concurrent.ThreadPoolExecutor.runWorker(ThreadPoolExecutor.java:1136)
at java.base/java.util.concurrent.ThreadPoolExecutor$Worker.run(ThreadPoolExecutor.java:635)
at java.base/java.lang.Thread.run(Thread.java:833)
]]>
    </error>
  </testcase> <!-- e -->
  <system-out/>
  <testcase classname="TestNG.TestNG_FACEBOOK_OG_IN" name="c15" time="0.000">
    <skipped/>
  </testcase> <!-- c15 -->
  <system-out/>
  <testcase classname="TestNG.TestNG_FACEBOOK_OG_IN" name="c6" time="0.000">
    <skipped/>
  </testcase> <!-- c6 -->
  <system-out/>
  <testcase classname="TestNG.TestNG_FACEBOOK_OG_IN" name="c13" time="0.000">
    <skipped/>
  </testcase> <!-- c13 -->
  <system-out/>
  <testcase classname="TestNG.TestNG_FACEBOOK_OG_IN" name="c2" time="0.000">
    <skipped/>
  </testcase> <!-- c2 -->
  <system-out/>
  <testcase classname="TestNG.TestNG_FACEBOOK_OG_IN" name="c11" time="0.000">
    <skipped/>
  </testcase> <!-- c11 -->
  <system-out/>
  <testcase classname="TestNG.TestNG_FACEBOOK_OG_IN" name="c1" time="10.256"/>
  <system-out/>
  <testcase classname="TestNG.TestNG_FACEBOOK_OG_IN" name="c10" time="0.000">
    <skipped/>
  </testcase> <!-- c10 -->
  <system-out/>
  <testcase classname="TestNG.TestNG_FACEBOOK_OG_IN" name="c18" time="0.000">
    <skipped/>
  </testcase> <!-- c18 -->
  <system-out/>
  <testcase classname="TestNG.TestNG_FACEBOOK_OG_IN" name="c17" time="0.000">
    <skipped/>
  </testcase> <!-- c17 -->
  <system-out/>
  <testcase classname="TestNG.TestNG_FACEBOOK_OG_IN" name="c16" time="0.000">
    <skipped/>
  </testcase> <!-- c16 -->
  <system-out/>
  <testcase classname="TestNG.TestNG_FACEBOOK_OG_IN" name="c14" time="0.000">
    <skipped/>
  </testcase> <!-- c14 -->
  <system-out/>
  <testcase classname="TestNG.TestNG_FACEBOOK_OG_IN" name="c5" time="0.000">
    <skipped/>
  </testcase> <!-- c5 -->
  <system-out/>
  <testcase classname="TestNG.TestNG_FACEBOOK_OG_IN" name="c10" time="0.000">
    <skipped/>
  </testcase> <!-- c10 -->
  <system-out/>
  <testcase classname="TestNG.TestNG_FACEBOOK_OG_IN" name="c3" time="0.000">
    <skipped/>
  </testcase> <!-- c3 -->
  <system-out/>
  <testcase classname="TestNG.TestNG_FACEBOOK_OG_IN" name="c17" time="0.000">
    <skipped/>
  </testcase> <!-- c17 -->
  <system-out/>
  <testcase classname="TestNG.TestNG_FACEBOOK_OG_IN" name="c13" time="0.000">
    <skipped/>
  </testcase> <!-- c13 -->
  <system-out/>
  <testcase classname="TestNG.TestNG_FACEBOOK_OG_IN" name="c3" time="0.000">
    <skipped/>
  </testcase> <!-- c3 -->
  <system-out/>
  <testcase classname="TestNG.TestNG_FACEBOOK_OG_IN" name="c2" time="0.000">
    <skipped/>
  </testcase> <!-- c2 -->
  <system-out/>
  <testcase classname="TestNG.TestNG_FACEBOOK_OG_IN" name="c6" time="0.000">
    <skipped/>
  </testcase> <!-- c6 -->
  <system-out/>
  <testcase classname="TestNG.TestNG_FACEBOOK_OG_IN" name="c12" time="0.000">
    <skipped/>
  </testcase> <!-- c12 -->
  <system-out/>
  <testcase classname="TestNG.TestNG_FACEBOOK_OG_IN" name="c5" time="0.000">
    <skipped/>
  </testcase> <!-- c5 -->
  <system-out/>
  <testcase classname="TestNG.TestNG_FACEBOOK_OG_IN" name="c16" time="0.000">
    <skipped/>
  </testcase> <!-- c16 -->
  <system-out/>
  <testcase classname="TestNG.TestNG_FACEBOOK_OG_IN" name="c4" time="0.000">
    <skipped/>
  </testcase> <!-- c4 -->
  <system-out/>
</testsuite> <!-- TestNG.TestNG_FACEBOOK_OG_IN -->
